Loading required package: bcbioBase
Loading required package: basejump
2018-05-01_bcbio
11 samples detected:
blood1_CAGTTATG, blood1_TTACCTCC, blood2_ATAGCCTT, blood2_CTTAATAG, blood2_TA...
Reading project-summary.yaml
Data versions are missing
1000 reads per cellular barcode cutoff detected
UMI type: harvard-indrop-v3
Reading sample_metadata.xlsx
Multiplexed samples detected
Reading counts as genes
Reading cellular barcode distributions
Reading dmel-all-r6.21.gtf
   |++++++++++++++++++++++++++++++++++++++++++++++++++| 100% elapsed = 08s
Import genomic features from the file as a GRanges object ... OK
Prepare the 'metadata' data frame ... OK
Make the TxDb object ... OK
Standardizing the metadata columns
Defining broadClass using: geneName, seqnames
Calculating cellular barcode metrics
69530 cells detected
0 coding genes detected
37 mitochondrial genes detected
69385 / 69530 cellular barcodes passed pre-filtering (99.8%)
Saving bcb.rda, flatFiles.rda to /n/data1/cores/bcbio/PIs/norbert_perrimon/blood_scrnaseq/combined/data/2018-05-01
Warning messages:
1: In .local(object, ...) : biotype missing
2: call dbDisconnect() when finished working with a connection 

